[2m2023-12-01 15:05:41.040[0;39m [32m- INFO[0;39m [35m3032[0;39m [2m---[0;39m [2m[           main][0;39m [36mcom.backend.ESD.EsdApplication          [0;39m [2m:[0;39m Starting EsdApplication using Java 21.0.1 with PID 3032 (D:\ESDProject\ESD\ESD\target\classes started by nabar in D:\ESDProject\ESD\ESD)
-[2m2023-12-01 15:05:41.053[0;39m [32m- INFO[0;39m [35m3032[0;39m [2m---[0;39m [2m[           main][0;39m [36mcom.backend.ESD.EsdApplication          [0;39m [2m:[0;39m No active profile set, falling back to 1 default profile: "default"
-[2m2023-12-01 15:05:41.915[0;39m [32m- INFO[0;39m [35m3032[0;39m [2m---[0;39m [2m[           main][0;39m [36m.s.d.r.c.RepositoryConfigurationDelegate[0;39m [2m:[0;39m Bootstrapping Spring Data JPA repositories in DEFAULT mode.
-[2m2023-12-01 15:05:42.055[0;39m [32m- INFO[0;39m [35m3032[0;39m [2m---[0;39m [2m[           main][0;39m [36m.s.d.r.c.RepositoryConfigurationDelegate[0;39m [2m:[0;39m Finished Spring Data repository scanning in 129 ms. Found 4 JPA repository interfaces.
-[2m2023-12-01 15:05:42.865[0;39m [32m- INFO[0;39m [35m3032[0;39m [2m---[0;39m [2m[           main][0;39m [36mo.s.b.w.embedded.tomcat.TomcatWebServer [0;39m [2m:[0;39m Tomcat initialized with port(s): 9191 (http)
-[2m2023-12-01 15:05:42.883[0;39m [32m- INFO[0;39m [35m3032[0;39m [2m---[0;39m [2m[           main][0;39m [36mo.apache.catalina.core.StandardService  [0;39m [2m:[0;39m Starting service [Tomcat]
-[2m2023-12-01 15:05:42.884[0;39m [32m- INFO[0;39m [35m3032[0;39m [2m---[0;39m [2m[           main][0;39m [36mo.apache.catalina.core.StandardEngine   [0;39m [2m:[0;39m Starting Servlet engine: [Apache Tomcat/10.1.15]
-[2m2023-12-01 15:05:42.983[0;39m [32m- INFO[0;39m [35m3032[0;39m [2m---[0;39m [2m[           main][0;39m [36mo.a.c.c.C.[Tomcat].[localhost].[/]      [0;39m [2m:[0;39m Initializing Spring embedded WebApplicationContext
-[2m2023-12-01 15:05:42.983[0;39m [32m- INFO[0;39m [35m3032[0;39m [2m---[0;39m [2m[           main][0;39m [36mw.s.c.ServletWebServerApplicationContext[0;39m [2m:[0;39m Root WebApplicationContext: initialization completed in 1863 ms
-[2m2023-12-01 15:05:43.149[0;39m [32m- INFO[0;39m [35m3032[0;39m [2m---[0;39m [2m[           main][0;39m [36mo.hibernate.jpa.internal.util.LogHelper [0;39m [2m:[0;39m HHH000204: Processing PersistenceUnitInfo [name: default]
-[2m2023-12-01 15:05:43.228[0;39m [32m- INFO[0;39m [35m3032[0;39m [2m---[0;39m [2m[           main][0;39m [36morg.hibernate.Version                   [0;39m [2m:[0;39m HHH000412: Hibernate ORM core version 6.2.13.Final
-[2m2023-12-01 15:05:43.230[0;39m [32m- INFO[0;39m [35m3032[0;39m [2m---[0;39m [2m[           main][0;39m [36morg.hibernate.cfg.Environment           [0;39m [2m:[0;39m HHH000406: Using bytecode reflection optimizer
-[2m2023-12-01 15:05:43.529[0;39m [32m- INFO[0;39m [35m3032[0;39m [2m---[0;39m [2m[           main][0;39m [36mo.s.o.j.p.SpringPersistenceUnitInfo     [0;39m [2m:[0;39m No LoadTimeWeaver setup: ignoring JPA class transformer
-[2m2023-12-01 15:05:43.556[0;39m [32m- INFO[0;39m [35m3032[0;39m [2m---[0;39m [2m[           main][0;39m [36mcom.zaxxer.hikari.HikariDataSource      [0;39m [2m:[0;39m HikariPool-1 - Starting...
-[2m2023-12-01 15:05:44.028[0;39m [32m- INFO[0;39m [35m3032[0;39m [2m---[0;39m [2m[           main][0;39m [36mcom.zaxxer.hikari.pool.HikariPool       [0;39m [2m:[0;39m HikariPool-1 - Added connection com.mysql.cj.jdbc.ConnectionImpl@36d697ab
-[2m2023-12-01 15:05:44.030[0;39m [32m- INFO[0;39m [35m3032[0;39m [2m---[0;39m [2m[           main][0;39m [36mcom.zaxxer.hikari.HikariDataSource      [0;39m [2m:[0;39m HikariPool-1 - Start completed.
-[2m2023-12-01 15:05:45.033[0;39m [32m- INFO[0;39m [35m3032[0;39m [2m---[0;39m [2m[           main][0;39m [36mo.h.e.t.j.p.i.JtaPlatformInitiator      [0;39m [2m:[0;39m HHH000489: No JTA platform available (set 'hibernate.transaction.jta.platform' to enable JTA platform integration)
-[2m2023-12-01 15:05:45.137[0;39m [32m- INFO[0;39m [35m3032[0;39m [2m---[0;39m [2m[           main][0;39m [36mj.LocalContainerEntityManagerFactoryBean[0;39m [2m:[0;39m Initialized JPA EntityManagerFactory for persistence unit 'default'
-[2m2023-12-01 15:05:45.504[0;39m [33m- WARN[0;39m [35m3032[0;39m [2m---[0;39m [2m[           main][0;39m [36mJpaBaseConfiguration$JpaWebConfiguration[0;39m [2m:[0;39m spring.jpa.open-in-view is enabled by default. Therefore, database queries may be performed during view rendering. Explicitly configure spring.jpa.open-in-view to disable this warning
-[2m2023-12-01 15:05:45.904[0;39m [32m- INFO[0;39m [35m3032[0;39m [2m---[0;39m [2m[           main][0;39m [36mo.s.b.w.embedded.tomcat.TomcatWebServer [0;39m [2m:[0;39m Tomcat started on port(s): 9191 (http) with context path ''
-[2m2023-12-01 15:05:45.911[0;39m [32m- INFO[0;39m [35m3032[0;39m [2m---[0;39m [2m[           main][0;39m [36mcom.backend.ESD.EsdApplication          [0;39m [2m:[0;39m Started EsdApplication in 5.324 seconds (process running for 6.332)
-[2m2023-12-01 15:30:17.978[0;39m [32m- INFO[0;39m [35m3032[0;39m [2m---[0;39m [2m[ionShutdownHook][0;39m [36mj.LocalContainerEntityManagerFactoryBean[0;39m [2m:[0;39m Closing JPA EntityManagerFactory for persistence unit 'default'
-[2m2023-12-01 15:30:18.036[0;39m [32m- INFO[0;39m [35m3032[0;39m [2m---[0;39m [2m[ionShutdownHook][0;39m [36mcom.zaxxer.hikari.HikariDataSource      [0;39m [2m:[0;39m HikariPool-1 - Shutdown initiated...
-[2m2023-12-01 15:30:18.107[0;39m [32m- INFO[0;39m [35m3032[0;39m [2m---[0;39m [2m[ionShutdownHook][0;39m [36mcom.zaxxer.hikari.HikariDataSource      [0;39m [2m:[0;39m HikariPool-1 - Shutdown completed.
-[2m2023-12-01 15:30:24.260[0;39m [32m- INFO[0;39m [35m16428[0;39m [2m---[0;39m [2m[           main][0;39m [36mcom.backend.ESD.EsdApplication          [0;39m [2m:[0;39m Starting EsdApplication using Java 21.0.1 with PID 16428 (D:\ESDProject\ESD\ESD\target\classes started by nabar in D:\ESDProject\ESD\ESD)
-[2m2023-12-01 15:30:24.262[0;39m [32m- INFO[0;39m [35m16428[0;39m [2m---[0;39m [2m[           main][0;39m [36mcom.backend.ESD.EsdApplication          [0;39m [2m:[0;39m No active profile set, falling back to 1 default profile: "default"
-[2m2023-12-01 15:30:24.801[0;39m [32m- INFO[0;39m [35m16428[0;39m [2m---[0;39m [2m[           main][0;39m [36m.s.d.r.c.RepositoryConfigurationDelegate[0;39m [2m:[0;39m Bootstrapping Spring Data JPA repositories in DEFAULT mode.
-[2m2023-12-01 15:30:24.867[0;39m [32m- INFO[0;39m [35m16428[0;39m [2m---[0;39m [2m[           main][0;39m [36m.s.d.r.c.RepositoryConfigurationDelegate[0;39m [2m:[0;39m Finished Spring Data repository scanning in 59 ms. Found 4 JPA repository interfaces.
-[2m2023-12-01 15:30:25.328[0;39m [32m- INFO[0;39m [35m16428[0;39m [2m---[0;39m [2m[           main][0;39m [36mo.s.b.w.embedded.tomcat.TomcatWebServer [0;39m [2m:[0;39m Tomcat initialized with port(s): 9191 (http)
-[2m2023-12-01 15:30:25.337[0;39m [32m- INFO[0;39m [35m16428[0;39m [2m---[0;39m [2m[           main][0;39m [36mo.apache.catalina.core.StandardService  [0;39m [2m:[0;39m Starting service [Tomcat]
-[2m2023-12-01 15:30:25.338[0;39m [32m- INFO[0;39m [35m16428[0;39m [2m---[0;39m [2m[           main][0;39m [36mo.apache.catalina.core.StandardEngine   [0;39m [2m:[0;39m Starting Servlet engine: [Apache Tomcat/10.1.15]
-[2m2023-12-01 15:30:25.419[0;39m [32m- INFO[0;39m [35m16428[0;39m [2m---[0;39m [2m[           main][0;39m [36mo.a.c.c.C.[Tomcat].[localhost].[/]      [0;39m [2m:[0;39m Initializing Spring embedded WebApplicationContext
-[2m2023-12-01 15:30:25.420[0;39m [32m- INFO[0;39m [35m16428[0;39m [2m---[0;39m [2m[           main][0;39m [36mw.s.c.ServletWebServerApplicationContext[0;39m [2m:[0;39m Root WebApplicationContext: initialization completed in 1115 ms
-[2m2023-12-01 15:30:25.546[0;39m [32m- INFO[0;39m [35m16428[0;39m [2m---[0;39m [2m[           main][0;39m [36mo.hibernate.jpa.internal.util.LogHelper [0;39m [2m:[0;39m HHH000204: Processing PersistenceUnitInfo [name: default]
-[2m2023-12-01 15:30:25.611[0;39m [32m- INFO[0;39m [35m16428[0;39m [2m---[0;39m [2m[           main][0;39m [36morg.hibernate.Version                   [0;39m [2m:[0;39m HHH000412: Hibernate ORM core version 6.2.13.Final
-[2m2023-12-01 15:30:25.613[0;39m [32m- INFO[0;39m [35m16428[0;39m [2m---[0;39m [2m[           main][0;39m [36morg.hibernate.cfg.Environment           [0;39m [2m:[0;39m HHH000406: Using bytecode reflection optimizer
-[2m2023-12-01 15:30:25.877[0;39m [32m- INFO[0;39m [35m16428[0;39m [2m---[0;39m [2m[           main][0;39m [36mo.s.o.j.p.SpringPersistenceUnitInfo     [0;39m [2m:[0;39m No LoadTimeWeaver setup: ignoring JPA class transformer
-[2m2023-12-01 15:30:25.904[0;39m [32m- INFO[0;39m [35m16428[0;39m [2m---[0;39m [2m[           main][0;39m [36mcom.zaxxer.hikari.HikariDataSource      [0;39m [2m:[0;39m HikariPool-1 - Starting...
-[2m2023-12-01 15:30:26.371[0;39m [32m- INFO[0;39m [35m16428[0;39m [2m---[0;39m [2m[           main][0;39m [36mcom.zaxxer.hikari.pool.HikariPool       [0;39m [2m:[0;39m HikariPool-1 - Added connection com.mysql.cj.jdbc.ConnectionImpl@5e24592e
-[2m2023-12-01 15:30:26.374[0;39m [32m- INFO[0;39m [35m16428[0;39m [2m---[0;39m [2m[           main][0;39m [36mcom.zaxxer.hikari.HikariDataSource      [0;39m [2m:[0;39m HikariPool-1 - Start completed.
-[2m2023-12-01 15:30:27.274[0;39m [32m- INFO[0;39m [35m16428[0;39m [2m---[0;39m [2m[           main][0;39m [36mo.h.e.t.j.p.i.JtaPlatformInitiator      [0;39m [2m:[0;39m HHH000489: No JTA platform available (set 'hibernate.transaction.jta.platform' to enable JTA platform integration)
-[2m2023-12-01 15:30:27.474[0;39m [32m- INFO[0;39m [35m16428[0;39m [2m---[0;39m [2m[           main][0;39m [36mj.LocalContainerEntityManagerFactoryBean[0;39m [2m:[0;39m Initialized JPA EntityManagerFactory for persistence unit 'default'
-[2m2023-12-01 15:30:27.858[0;39m [33m- WARN[0;39m [35m16428[0;39m [2m---[0;39m [2m[           main][0;39m [36mJpaBaseConfiguration$JpaWebConfiguration[0;39m [2m:[0;39m spring.jpa.open-in-view is enabled by default. Therefore, database queries may be performed during view rendering. Explicitly configure spring.jpa.open-in-view to disable this warning
-[2m2023-12-01 15:30:28.265[0;39m [32m- INFO[0;39m [35m16428[0;39m [2m---[0;39m [2m[           main][0;39m [36mo.s.b.w.embedded.tomcat.TomcatWebServer [0;39m [2m:[0;39m Tomcat started on port(s): 9191 (http) with context path ''
-[2m2023-12-01 15:30:28.270[0;39m [32m- INFO[0;39m [35m16428[0;39m [2m---[0;39m [2m[           main][0;39m [36mcom.backend.ESD.EsdApplication          [0;39m [2m:[0;39m Started EsdApplication in 4.389 seconds (process running for 5.186)
-[2m2023-12-01 15:34:58.210[0;39m [32m- INFO[0;39m [35m16428[0;39m [2m---[0;39m [2m[ionShutdownHook][0;39m [36mj.LocalContainerEntityManagerFactoryBean[0;39m [2m:[0;39m Closing JPA EntityManagerFactory for persistence unit 'default'
-[2m2023-12-01 15:34:58.239[0;39m [32m- INFO[0;39m [35m16428[0;39m [2m---[0;39m [2m[ionShutdownHook][0;39m [36mcom.zaxxer.hikari.HikariDataSource      [0;39m [2m:[0;39m HikariPool-1 - Shutdown initiated...
-[2m2023-12-01 15:34:58.286[0;39m [32m- INFO[0;39m [35m16428[0;39m [2m---[0;39m [2m[ionShutdownHook][0;39m [36mcom.zaxxer.hikari.HikariDataSource      [0;39m [2m:[0;39m HikariPool-1 - Shutdown completed.
-[2m2023-12-01 15:35:02.476[0;39m [32m- INFO[0;39m [35m26464[0;39m [2m---[0;39m [2m[           main][0;39m [36mcom.backend.ESD.EsdApplication          [0;39m [2m:[0;39m Starting EsdApplication using Java 21.0.1 with PID 26464 (D:\ESDProject\ESD\ESD\target\classes started by nabar in D:\ESDProject\ESD\ESD)
-[2m2023-12-01 15:35:02.480[0;39m [32m- INFO[0;39m [35m26464[0;39m [2m---[0;39m [2m[           main][0;39m [36mcom.backend.ESD.EsdApplication          [0;39m [2m:[0;39m No active profile set, falling back to 1 default profile: "default"
-[2m2023-12-01 15:35:03.050[0;39m [32m- INFO[0;39m [35m26464[0;39m [2m---[0;39m [2m[           main][0;39m [36m.s.d.r.c.RepositoryConfigurationDelegate[0;39m [2m:[0;39m Bootstrapping Spring Data JPA repositories in DEFAULT mode.
-[2m2023-12-01 15:35:03.106[0;39m [32m- INFO[0;39m [35m26464[0;39m [2m---[0;39m [2m[           main][0;39m [36m.s.d.r.c.RepositoryConfigurationDelegate[0;39m [2m:[0;39m Finished Spring Data repository scanning in 48 ms. Found 4 JPA repository interfaces.
-[2m2023-12-01 15:35:03.548[0;39m [32m- INFO[0;39m [35m26464[0;39m [2m---[0;39m [2m[           main][0;39m [36mo.s.b.w.embedded.tomcat.TomcatWebServer [0;39m [2m:[0;39m Tomcat initialized with port(s): 9191 (http)
-[2m2023-12-01 15:35:03.558[0;39m [32m- INFO[0;39m [35m26464[0;39m [2m---[0;39m [2m[           main][0;39m [36mo.apache.catalina.core.StandardService  [0;39m [2m:[0;39m Starting service [Tomcat]
-[2m2023-12-01 15:35:03.558[0;39m [32m- INFO[0;39m [35m26464[0;39m [2m---[0;39m [2m[           main][0;39m [36mo.apache.catalina.core.StandardEngine   [0;39m [2m:[0;39m Starting Servlet engine: [Apache Tomcat/10.1.15]
-[2m2023-12-01 15:35:03.639[0;39m [32m- INFO[0;39m [35m26464[0;39m [2m---[0;39m [2m[           main][0;39m [36mo.a.c.c.C.[Tomcat].[localhost].[/]      [0;39m [2m:[0;39m Initializing Spring embedded WebApplicationContext
-[2m2023-12-01 15:35:03.640[0;39m [32m- INFO[0;39m [35m26464[0;39m [2m---[0;39m [2m[           main][0;39m [36mw.s.c.ServletWebServerApplicationContext[0;39m [2m:[0;39m Root WebApplicationContext: initialization completed in 1100 ms
-[2m2023-12-01 15:35:03.768[0;39m [32m- INFO[0;39m [35m26464[0;39m [2m---[0;39m [2m[           main][0;39m [36mo.hibernate.jpa.internal.util.LogHelper [0;39m [2m:[0;39m HHH000204: Processing PersistenceUnitInfo [name: default]
-[2m2023-12-01 15:35:03.833[0;39m [32m- INFO[0;39m [35m26464[0;39m [2m---[0;39m [2m[           main][0;39m [36morg.hibernate.Version                   [0;39m [2m:[0;39m HHH000412: Hibernate ORM core version 6.2.13.Final
-[2m2023-12-01 15:35:03.834[0;39m [32m- INFO[0;39m [35m26464[0;39m [2m---[0;39m [2m[           main][0;39m [36morg.hibernate.cfg.Environment           [0;39m [2m:[0;39m HHH000406: Using bytecode reflection optimizer
-[2m2023-12-01 15:35:04.088[0;39m [32m- INFO[0;39m [35m26464[0;39m [2m---[0;39m [2m[           main][0;39m [36mo.s.o.j.p.SpringPersistenceUnitInfo     [0;39m [2m:[0;39m No LoadTimeWeaver setup: ignoring JPA class transformer
-[2m2023-12-01 15:35:04.114[0;39m [32m- INFO[0;39m [35m26464[0;39m [2m---[0;39m [2m[           main][0;39m [36mcom.zaxxer.hikari.HikariDataSource      [0;39m [2m:[0;39m HikariPool-1 - Starting...
-[2m2023-12-01 15:35:04.481[0;39m [32m- INFO[0;39m [35m26464[0;39m [2m---[0;39m [2m[           main][0;39m [36mcom.zaxxer.hikari.pool.HikariPool       [0;39m [2m:[0;39m HikariPool-1 - Added connection com.mysql.cj.jdbc.ConnectionImpl@50ff7063
-[2m2023-12-01 15:35:04.482[0;39m [32m- INFO[0;39m [35m26464[0;39m [2m---[0;39m [2m[           main][0;39m [36mcom.zaxxer.hikari.HikariDataSource      [0;39m [2m:[0;39m HikariPool-1 - Start completed.
-[2m2023-12-01 15:35:05.321[0;39m [32m- INFO[0;39m [35m26464[0;39m [2m---[0;39m [2m[           main][0;39m [36mo.h.e.t.j.p.i.JtaPlatformInitiator      [0;39m [2m:[0;39m HHH000489: No JTA platform available (set 'hibernate.transaction.jta.platform' to enable JTA platform integration)
-[2m2023-12-01 15:35:05.399[0;39m [32m- INFO[0;39m [35m26464[0;39m [2m---[0;39m [2m[           main][0;39m [36mj.LocalContainerEntityManagerFactoryBean[0;39m [2m:[0;39m Initialized JPA EntityManagerFactory for persistence unit 'default'
-[2m2023-12-01 15:35:05.712[0;39m [33m- WARN[0;39m [35m26464[0;39m [2m---[0;39m [2m[           main][0;39m [36mJpaBaseConfiguration$JpaWebConfiguration[0;39m [2m:[0;39m spring.jpa.open-in-view is enabled by default. Therefore, database queries may be performed during view rendering. Explicitly configure spring.jpa.open-in-view to disable this warning
-[2m2023-12-01 15:35:06.013[0;39m [32m- INFO[0;39m [35m26464[0;39m [2m---[0;39m [2m[           main][0;39m [36mo.s.b.w.embedded.tomcat.TomcatWebServer [0;39m [2m:[0;39m Tomcat started on port(s): 9191 (http) with context path ''
-[2m2023-12-01 15:35:06.022[0;39m [32m- INFO[0;39m [35m26464[0;39m [2m---[0;39m [2m[           main][0;39m [36mcom.backend.ESD.EsdApplication          [0;39m [2m:[0;39m Started EsdApplication in 3.936 seconds (process running for 4.769)
-[2m2023-12-01 16:17:47.156[0;39m [33m- WARN[0;39m [35m26464[0;39m [2m---[0;39m [2m[l-1 housekeeper][0;39m [36mcom.zaxxer.hikari.pool.HikariPool       [0;39m [2m:[0;39m HikariPool-1 - Thread starvation or clock leap detected (housekeeper delta=8m12s125ms125µs100ns).
-[2m2023-12-01 16:21:31.453[0;39m [32m- INFO[0;39m [35m26464[0;39m [2m---[0;39m [2m[nio-9191-exec-3][0;39m [36mo.a.c.c.C.[Tomcat].[localhost].[/]      [0;39m [2m:[0;39m Initializing Spring DispatcherServlet 'dispatcherServlet'
-[2m2023-12-01 16:21:31.456[0;39m [32m- INFO[0;39m [35m26464[0;39m [2m---[0;39m [2m[nio-9191-exec-3][0;39m [36mo.s.web.servlet.DispatcherServlet       [0;39m [2m:[0;39m Initializing Servlet 'dispatcherServlet'
-[2m2023-12-01 16:21:31.523[0;39m [32m- INFO[0;39m [35m26464[0;39m [2m---[0;39m [2m[nio-9191-exec-3][0;39m [36mo.s.web.servlet.DispatcherServlet       [0;39m [2m:[0;39m Completed initialization in 65 ms
-[2m2023-12-01 16:41:47.437[0;39m [33m- WARN[0;39m [35m26464[0;39m [2m---[0;39m [2m[l-1 housekeeper][0;39m [36mcom.zaxxer.hikari.pool.HikariPool       [0;39m [2m:[0;39m HikariPool-1 - Thread starvation or clock leap detected (housekeeper delta=6m30s76ms749µs).
-[2m2023-12-01 17:03:39.110[0;39m [33m- WARN[0;39m [35m26464[0;39m [2m---[0;39m [2m[l-1 housekeeper][0;39m [36mcom.zaxxer.hikari.pool.HikariPool       [0;39m [2m:[0;39m HikariPool-1 - Thread starvation or clock leap detected (housekeeper delta=10m21s470ms702µs400ns).
-[2m2023-12-01 20:08:06.706[0;39m [33m- WARN[0;39m [35m26464[0;39m [2m---[0;39m [2m[l-1 housekeeper][0;39m [36mcom.zaxxer.hikari.pool.HikariPool       [0;39m [2m:[0;39m HikariPool-1 - Thread starvation or clock leap detected (housekeeper delta=2h52m57s539ms957µs300ns).
-[2m2023-12-01 20:08:32.890[0;39m [32m- INFO[0;39m [35m26464[0;39m [2m---[0;39m [2m[ionShutdownHook][0;39m [36mj.LocalContainerEntityManagerFactoryBean[0;39m [2m:[0;39m Closing JPA EntityManagerFactory for persistence unit 'default'
-[2m2023-12-01 20:08:33.014[0;39m [32m- INFO[0;39m [35m26464[0;39m [2m---[0;39m [2m[ionShutdownHook][0;39m [36mcom.zaxxer.hikari.HikariDataSource      [0;39m [2m:[0;39m HikariPool-1 - Shutdown initiated...
-[2m2023-12-01 20:08:33.044[0;39m [32m- INFO[0;39m [35m26464[0;39m [2m---[0;39m [2m[ionShutdownHook][0;39m [36mcom.zaxxer.hikari.HikariDataSource      [0;39m [2m:[0;39m HikariPool-1 - Shutdown completed.
-